{"C:\\Users\\mikep\\phaser-by-example\\runner\\src\\scenes\\map1\\GameScene.js": {"path":"C:\\Users\\mikep\\phaser-by-example\\runner\\src\\scenes\\map1\\GameScene.js","statementMap":{"0":{"start":{"line":9,"column":8},"end":{"line":9,"column":37}},"1":{"start":{"line":10,"column":8},"end":{"line":10,"column":27}},"2":{"start":{"line":11,"column":8},"end":{"line":11,"column":23}},"3":{"start":{"line":12,"column":8},"end":{"line":12,"column":30}},"4":{"start":{"line":13,"column":8},"end":{"line":13,"column":28}},"5":{"start":{"line":14,"column":8},"end":{"line":14,"column":30}},"6":{"start":{"line":15,"column":8},"end":{"line":15,"column":24}},"7":{"start":{"line":16,"column":8},"end":{"line":16,"column":35}},"8":{"start":{"line":17,"column":8},"end":{"line":17,"column":37}},"9":{"start":{"line":18,"column":8},"end":{"line":18,"column":35}},"10":{"start":{"line":22,"column":8},"end":{"line":24,"column":9}},"11":{"start":{"line":23,"column":12},"end":{"line":23,"column":36}},"12":{"start":{"line":28,"column":8},"end":{"line":28,"column":77}},"13":{"start":{"line":29,"column":8},"end":{"line":29,"column":80}},"14":{"start":{"line":30,"column":8},"end":{"line":30,"column":73}},"15":{"start":{"line":31,"column":8},"end":{"line":31,"column":75}},"16":{"start":{"line":32,"column":8},"end":{"line":32,"column":67}},"17":{"start":{"line":33,"column":8},"end":{"line":33,"column":107}},"18":{"start":{"line":36,"column":8},"end":{"line":57,"column":11}},"19":{"start":{"line":37,"column":12},"end":{"line":37,"column":62}},"20":{"start":{"line":39,"column":12},"end":{"line":56,"column":13}},"21":{"start":{"line":41,"column":33},"end":{"line":41,"column":52}},"22":{"start":{"line":42,"column":16},"end":{"line":42,"column":45}},"23":{"start":{"line":43,"column":16},"end":{"line":43,"column":46}},"24":{"start":{"line":44,"column":16},"end":{"line":44,"column":62}},"25":{"start":{"line":45,"column":16},"end":{"line":45,"column":35}},"26":{"start":{"line":46,"column":19},"end":{"line":56,"column":13}},"27":{"start":{"line":48,"column":33},"end":{"line":48,"column":52}},"28":{"start":{"line":49,"column":16},"end":{"line":49,"column":48}},"29":{"start":{"line":50,"column":16},"end":{"line":50,"column":42}},"30":{"start":{"line":51,"column":16},"end":{"line":51,"column":40}},"31":{"start":{"line":52,"column":16},"end":{"line":52,"column":41}},"32":{"start":{"line":53,"column":16},"end":{"line":53,"column":41}},"33":{"start":{"line":54,"column":16},"end":{"line":54,"column":58}},"34":{"start":{"line":55,"column":16},"end":{"line":55,"column":35}},"35":{"start":{"line":62,"column":8},"end":{"line":64,"column":9}},"36":{"start":{"line":63,"column":12},"end":{"line":63,"column":43}},"37":{"start":{"line":67,"column":8},"end":{"line":67,"column":26}},"38":{"start":{"line":70,"column":8},"end":{"line":121,"column":9}},"39":{"start":{"line":71,"column":30},"end":{"line":71,"column":63}},"40":{"start":{"line":72,"column":12},"end":{"line":72,"column":62}},"41":{"start":{"line":74,"column":12},"end":{"line":74,"column":56}},"42":{"start":{"line":76,"column":12},"end":{"line":78,"column":13}},"43":{"start":{"line":77,"column":16},"end":{"line":77,"column":70}},"44":{"start":{"line":80,"column":12},"end":{"line":82,"column":13}},"45":{"start":{"line":81,"column":16},"end":{"line":81,"column":62}},"46":{"start":{"line":84,"column":12},"end":{"line":86,"column":13}},"47":{"start":{"line":85,"column":16},"end":{"line":85,"column":64}},"48":{"start":{"line":89,"column":31},"end":{"line":89,"column":49}},"49":{"start":{"line":91,"column":12},"end":{"line":93,"column":13}},"50":{"start":{"line":92,"column":16},"end":{"line":92,"column":65}},"51":{"start":{"line":96,"column":24},"end":{"line":100,"column":13}},"52":{"start":{"line":101,"column":12},"end":{"line":101,"column":31}},"53":{"start":{"line":102,"column":12},"end":{"line":102,"column":48}},"54":{"start":{"line":105,"column":12},"end":{"line":105,"column":41}},"55":{"start":{"line":108,"column":12},"end":{"line":108,"column":53}},"56":{"start":{"line":110,"column":12},"end":{"line":115,"column":30}},"57":{"start":{"line":118,"column":12},"end":{"line":120,"column":21}},"58":{"start":{"line":119,"column":16},"end":{"line":119,"column":47}},"59":{"start":{"line":127,"column":36},"end":{"line":127,"column":69}},"60":{"start":{"line":127,"column":42},"end":{"line":127,"column":69}},"61":{"start":{"line":130,"column":8},"end":{"line":130,"column":56}},"62":{"start":{"line":133,"column":8},"end":{"line":135,"column":9}},"63":{"start":{"line":134,"column":12},"end":{"line":134,"column":30}},"64":{"start":{"line":139,"column":8},"end":{"line":153,"column":11}},"65":{"start":{"line":140,"column":12},"end":{"line":152,"column":15}},"66":{"start":{"line":141,"column":35},"end":{"line":147,"column":34}},"67":{"start":{"line":149,"column":16},"end":{"line":149,"column":80}},"68":{"start":{"line":150,"column":16},"end":{"line":150,"column":60}},"69":{"start":{"line":151,"column":16},"end":{"line":151,"column":44}},"70":{"start":{"line":158,"column":8},"end":{"line":158,"column":37}},"71":{"start":{"line":159,"column":8},"end":{"line":159,"column":38}},"72":{"start":{"line":162,"column":8},"end":{"line":168,"column":11}},"73":{"start":{"line":163,"column":12},"end":{"line":163,"column":46}},"74":{"start":{"line":163,"column":39},"end":{"line":163,"column":46}},"75":{"start":{"line":164,"column":12},"end":{"line":164,"column":37}},"76":{"start":{"line":165,"column":12},"end":{"line":165,"column":41}},"77":{"start":{"line":167,"column":12},"end":{"line":167,"column":96}},"78":{"start":{"line":170,"column":8},"end":{"line":175,"column":11}},"79":{"start":{"line":171,"column":12},"end":{"line":171,"column":46}},"80":{"start":{"line":171,"column":39},"end":{"line":171,"column":46}},"81":{"start":{"line":172,"column":12},"end":{"line":172,"column":37}},"82":{"start":{"line":173,"column":12},"end":{"line":173,"column":41}},"83":{"start":{"line":174,"column":12},"end":{"line":174,"column":31}},"84":{"start":{"line":178,"column":8},"end":{"line":187,"column":9}},"85":{"start":{"line":179,"column":12},"end":{"line":186,"column":15}},"86":{"start":{"line":190,"column":8},"end":{"line":190,"column":89}},"87":{"start":{"line":190,"column":43},"end":{"line":190,"column":87}},"88":{"start":{"line":194,"column":8},"end":{"line":194,"column":64}},"89":{"start":{"line":194,"column":57},"end":{"line":194,"column":64}},"90":{"start":{"line":196,"column":8},"end":{"line":196,"column":34}},"91":{"start":{"line":197,"column":8},"end":{"line":197,"column":37}},"92":{"start":{"line":200,"column":32},"end":{"line":205,"column":30}},"93":{"start":{"line":202,"column":16},"end":{"line":204,"column":17}},"94":{"start":{"line":203,"column":20},"end":{"line":203,"column":73}},"95":{"start":{"line":207,"column":8},"end":{"line":210,"column":9}},"96":{"start":{"line":209,"column":12},"end":{"line":209,"column":47}},"97":{"start":{"line":212,"column":8},"end":{"line":215,"column":9}},"98":{"start":{"line":213,"column":12},"end":{"line":213,"column":77}},"99":{"start":{"line":214,"column":12},"end":{"line":214,"column":58}},"100":{"start":{"line":218,"column":8},"end":{"line":223,"column":17}},"101":{"start":{"line":219,"column":12},"end":{"line":219,"column":39}},"102":{"start":{"line":220,"column":12},"end":{"line":222,"column":13}},"103":{"start":{"line":221,"column":16},"end":{"line":221,"column":39}},"104":{"start":{"line":227,"column":8},"end":{"line":232,"column":40}},"105":{"start":{"line":236,"column":8},"end":{"line":238,"column":9}},"106":{"start":{"line":237,"column":12},"end":{"line":237,"column":35}},"107":{"start":{"line":243,"column":34},"end":{"line":243,"column":63}},"108":{"start":{"line":244,"column":8},"end":{"line":244,"column":59}},"109":{"start":{"line":246,"column":24},"end":{"line":246,"column":53}},"110":{"start":{"line":247,"column":8},"end":{"line":247,"column":38}},"111":{"start":{"line":249,"column":32},"end":{"line":249,"column":61}},"112":{"start":{"line":250,"column":8},"end":{"line":250,"column":47}},"113":{"start":{"line":251,"column":8},"end":{"line":251,"column":56}},"114":{"start":{"line":253,"column":8},"end":{"line":253,"column":55}},"115":{"start":{"line":255,"column":8},"end":{"line":277,"column":11}},"116":{"start":{"line":256,"column":27},"end":{"line":256,"column":56}},"117":{"start":{"line":257,"column":12},"end":{"line":257,"column":40}},"118":{"start":{"line":259,"column":27},"end":{"line":259,"column":57}},"119":{"start":{"line":260,"column":12},"end":{"line":260,"column":47}},"120":{"start":{"line":261,"column":12},"end":{"line":261,"column":37}},"121":{"start":{"line":263,"column":25},"end":{"line":263,"column":55}},"122":{"start":{"line":264,"column":12},"end":{"line":264,"column":43}},"123":{"start":{"line":265,"column":12},"end":{"line":265,"column":37}},"124":{"start":{"line":267,"column":12},"end":{"line":267,"column":39}},"125":{"start":{"line":268,"column":12},"end":{"line":268,"column":37}},"126":{"start":{"line":270,"column":12},"end":{"line":274,"column":15}},"127":{"start":{"line":271,"column":16},"end":{"line":271,"column":81}},"128":{"start":{"line":272,"column":16},"end":{"line":272,"column":61}},"129":{"start":{"line":273,"column":16},"end":{"line":273,"column":51}},"130":{"start":{"line":276,"column":12},"end":{"line":276,"column":50}},"131":{"start":{"line":279,"column":8},"end":{"line":279,"column":43}},"132":{"start":{"line":280,"column":8},"end":{"line":280,"column":53}},"133":{"start":{"line":284,"column":8},"end":{"line":284,"column":37}},"134":{"start":{"line":285,"column":8},"end":{"line":285,"column":33}},"135":{"start":{"line":287,"column":8},"end":{"line":309,"column":9}},"136":{"start":{"line":288,"column":12},"end":{"line":288,"column":30}},"137":{"start":{"line":289,"column":12},"end":{"line":289,"column":59}},"138":{"start":{"line":290,"column":30},"end":{"line":292,"column":30}},"139":{"start":{"line":295,"column":12},"end":{"line":304,"column":13}},"140":{"start":{"line":296,"column":45},"end":{"line":296,"column":74}},"141":{"start":{"line":297,"column":16},"end":{"line":297,"column":73}},"142":{"start":{"line":298,"column":16},"end":{"line":298,"column":72}},"143":{"start":{"line":299,"column":16},"end":{"line":299,"column":64}},"144":{"start":{"line":301,"column":16},"end":{"line":303,"column":25}},"145":{"start":{"line":302,"column":20},"end":{"line":302,"column":68}},"146":{"start":{"line":306,"column":26},"end":{"line":308,"column":30}},"147":{"start":{"line":312,"column":8},"end":{"line":316,"column":9}},"148":{"start":{"line":313,"column":12},"end":{"line":315,"column":21}},"149":{"start":{"line":314,"column":16},"end":{"line":314,"column":45}},"150":{"start":{"line":320,"column":8},"end":{"line":323,"column":11}},"151":{"start":{"line":327,"column":8},"end":{"line":327,"column":41}},"152":{"start":{"line":327,"column":34},"end":{"line":327,"column":41}},"153":{"start":{"line":329,"column":8},"end":{"line":329,"column":36}},"154":{"start":{"line":330,"column":8},"end":{"line":330,"column":39}},"155":{"start":{"line":331,"column":8},"end":{"line":336,"column":11}},"156":{"start":{"line":332,"column":12},"end":{"line":335,"column":15}}},"fnMap":{"0":{"name":"(anonymous_0)","decl":{"start":{"line":8,"column":4},"end":{"line":8,"column":5}},"loc":{"start":{"line":8,"column":18},"end":{"line":19,"column":5}},"line":8},"1":{"name":"(anonymous_1)","decl":{"start":{"line":21,"column":4},"end":{"line":21,"column":5}},"loc":{"start":{"line":21,"column":15},"end":{"line":25,"column":5}},"line":21},"2":{"name":"(anonymous_2)","decl":{"start":{"line":27,"column":4},"end":{"line":27,"column":5}},"loc":{"start":{"line":27,"column":14},"end":{"line":58,"column":5}},"line":27},"3":{"name":"(anonymous_3)","decl":{"start":{"line":36,"column":34},"end":{"line":36,"column":35}},"loc":{"start":{"line":36,"column":47},"end":{"line":57,"column":9}},"line":36},"4":{"name":"(anonymous_4)","decl":{"start":{"line":60,"column":4},"end":{"line":60,"column":5}},"loc":{"start":{"line":60,"column":13},"end":{"line":122,"column":5}},"line":60},"5":{"name":"(anonymous_5)","decl":{"start":{"line":118,"column":23},"end":{"line":118,"column":24}},"loc":{"start":{"line":118,"column":29},"end":{"line":120,"column":13}},"line":118},"6":{"name":"(anonymous_6)","decl":{"start":{"line":124,"column":4},"end":{"line":124,"column":5}},"loc":{"start":{"line":124,"column":28},"end":{"line":136,"column":5}},"line":124},"7":{"name":"(anonymous_7)","decl":{"start":{"line":127,"column":36},"end":{"line":127,"column":37}},"loc":{"start":{"line":127,"column":42},"end":{"line":127,"column":69}},"line":127},"8":{"name":"(anonymous_8)","decl":{"start":{"line":138,"column":4},"end":{"line":138,"column":5}},"loc":{"start":{"line":138,"column":27},"end":{"line":154,"column":5}},"line":138},"9":{"name":"(anonymous_9)","decl":{"start":{"line":139,"column":32},"end":{"line":139,"column":33}},"loc":{"start":{"line":139,"column":40},"end":{"line":153,"column":9}},"line":139},"10":{"name":"(anonymous_10)","decl":{"start":{"line":140,"column":31},"end":{"line":140,"column":32}},"loc":{"start":{"line":140,"column":39},"end":{"line":152,"column":13}},"line":140},"11":{"name":"(anonymous_11)","decl":{"start":{"line":156,"column":4},"end":{"line":156,"column":5}},"loc":{"start":{"line":156,"column":49},"end":{"line":191,"column":5}},"line":156},"12":{"name":"(anonymous_12)","decl":{"start":{"line":162,"column":37},"end":{"line":162,"column":38}},"loc":{"start":{"line":162,"column":43},"end":{"line":168,"column":9}},"line":162},"13":{"name":"(anonymous_13)","decl":{"start":{"line":170,"column":36},"end":{"line":170,"column":37}},"loc":{"start":{"line":170,"column":42},"end":{"line":175,"column":9}},"line":170},"14":{"name":"(anonymous_14)","decl":{"start":{"line":190,"column":37},"end":{"line":190,"column":38}},"loc":{"start":{"line":190,"column":43},"end":{"line":190,"column":87}},"line":190},"15":{"name":"(anonymous_15)","decl":{"start":{"line":193,"column":4},"end":{"line":193,"column":5}},"loc":{"start":{"line":193,"column":44},"end":{"line":224,"column":5}},"line":193},"16":{"name":"(anonymous_16)","decl":{"start":{"line":201,"column":34},"end":{"line":201,"column":35}},"loc":{"start":{"line":202,"column":16},"end":{"line":204,"column":17}},"line":202},"17":{"name":"(anonymous_17)","decl":{"start":{"line":202,"column":46},"end":{"line":202,"column":47}},"loc":{"start":{"line":203,"column":20},"end":{"line":203,"column":73}},"line":203},"18":{"name":"(anonymous_18)","decl":{"start":{"line":218,"column":19},"end":{"line":218,"column":20}},"loc":{"start":{"line":218,"column":25},"end":{"line":223,"column":9}},"line":218},"19":{"name":"(anonymous_19)","decl":{"start":{"line":226,"column":4},"end":{"line":226,"column":5}},"loc":{"start":{"line":226,"column":28},"end":{"line":233,"column":5}},"line":226},"20":{"name":"(anonymous_20)","decl":{"start":{"line":235,"column":4},"end":{"line":235,"column":5}},"loc":{"start":{"line":235,"column":18},"end":{"line":239,"column":5}},"line":235},"21":{"name":"(anonymous_21)","decl":{"start":{"line":241,"column":4},"end":{"line":241,"column":5}},"loc":{"start":{"line":241,"column":39},"end":{"line":281,"column":5}},"line":241},"22":{"name":"(anonymous_22)","decl":{"start":{"line":255,"column":49},"end":{"line":255,"column":50}},"loc":{"start":{"line":255,"column":67},"end":{"line":277,"column":9}},"line":255},"23":{"name":"(anonymous_23)","decl":{"start":{"line":270,"column":45},"end":{"line":270,"column":46}},"loc":{"start":{"line":270,"column":51},"end":{"line":274,"column":13}},"line":270},"24":{"name":"(anonymous_24)","decl":{"start":{"line":283,"column":4},"end":{"line":283,"column":5}},"loc":{"start":{"line":283,"column":50},"end":{"line":317,"column":5}},"line":283},"25":{"name":"(anonymous_25)","decl":{"start":{"line":301,"column":27},"end":{"line":301,"column":28}},"loc":{"start":{"line":301,"column":33},"end":{"line":303,"column":17}},"line":301},"26":{"name":"(anonymous_26)","decl":{"start":{"line":313,"column":23},"end":{"line":313,"column":24}},"loc":{"start":{"line":313,"column":29},"end":{"line":315,"column":13}},"line":313},"27":{"name":"(anonymous_27)","decl":{"start":{"line":319,"column":4},"end":{"line":319,"column":5}},"loc":{"start":{"line":319,"column":17},"end":{"line":324,"column":5}},"line":319},"28":{"name":"(anonymous_28)","decl":{"start":{"line":326,"column":4},"end":{"line":326,"column":5}},"loc":{"start":{"line":326,"column":28},"end":{"line":337,"column":5}},"line":326},"29":{"name":"(anonymous_29)","decl":{"start":{"line":331,"column":56},"end":{"line":331,"column":57}},"loc":{"start":{"line":331,"column":62},"end":{"line":336,"column":9}},"line":331}},"branchMap":{"0":{"loc":{"start":{"line":22,"column":8},"end":{"line":24,"column":9}},"type":"if","locations":[{"start":{"line":22,"column":8},"end":{"line":24,"column":9}},{"start":{},"end":{}}],"line":22},"1":{"loc":{"start":{"line":22,"column":12},"end":{"line":22,"column":50}},"type":"binary-expr","locations":[{"start":{"line":22,"column":12},"end":{"line":22,"column":16}},{"start":{"line":22,"column":20},"end":{"line":22,"column":50}}],"line":22},"2":{"loc":{"start":{"line":39,"column":12},"end":{"line":56,"column":13}},"type":"if","locations":[{"start":{"line":39,"column":12},"end":{"line":56,"column":13}},{"start":{"line":46,"column":19},"end":{"line":56,"column":13}}],"line":39},"3":{"loc":{"start":{"line":46,"column":19},"end":{"line":56,"column":13}},"type":"if","locations":[{"start":{"line":46,"column":19},"end":{"line":56,"column":13}},{"start":{},"end":{}}],"line":46},"4":{"loc":{"start":{"line":62,"column":8},"end":{"line":64,"column":9}},"type":"if","locations":[{"start":{"line":62,"column":8},"end":{"line":64,"column":9}},{"start":{},"end":{}}],"line":62},"5":{"loc":{"start":{"line":62,"column":12},"end":{"line":62,"column":44}},"type":"binary-expr","locations":[{"start":{"line":62,"column":12},"end":{"line":62,"column":22}},{"start":{"line":62,"column":26},"end":{"line":62,"column":44}}],"line":62},"6":{"loc":{"start":{"line":76,"column":12},"end":{"line":78,"column":13}},"type":"if","locations":[{"start":{"line":76,"column":12},"end":{"line":78,"column":13}},{"start":{},"end":{}}],"line":76},"7":{"loc":{"start":{"line":80,"column":12},"end":{"line":82,"column":13}},"type":"if","locations":[{"start":{"line":80,"column":12},"end":{"line":82,"column":13}},{"start":{},"end":{}}],"line":80},"8":{"loc":{"start":{"line":84,"column":12},"end":{"line":86,"column":13}},"type":"if","locations":[{"start":{"line":84,"column":12},"end":{"line":86,"column":13}},{"start":{},"end":{}}],"line":84},"9":{"loc":{"start":{"line":91,"column":12},"end":{"line":93,"column":13}},"type":"if","locations":[{"start":{"line":91,"column":12},"end":{"line":93,"column":13}},{"start":{},"end":{}}],"line":91},"10":{"loc":{"start":{"line":97,"column":16},"end":{"line":97,"column":35}},"type":"binary-expr","locations":[{"start":{"line":97,"column":16},"end":{"line":97,"column":28}},{"start":{"line":97,"column":32},"end":{"line":97,"column":35}}],"line":97},"11":{"loc":{"start":{"line":98,"column":16},"end":{"line":98,"column":35}},"type":"binary-expr","locations":[{"start":{"line":98,"column":16},"end":{"line":98,"column":28}},{"start":{"line":98,"column":32},"end":{"line":98,"column":35}}],"line":98},"12":{"loc":{"start":{"line":102,"column":25},"end":{"line":102,"column":46}},"type":"binary-expr","locations":[{"start":{"line":102,"column":25},"end":{"line":102,"column":41}},{"start":{"line":102,"column":45},"end":{"line":102,"column":46}}],"line":102},"13":{"loc":{"start":{"line":133,"column":8},"end":{"line":135,"column":9}},"type":"if","locations":[{"start":{"line":133,"column":8},"end":{"line":135,"column":9}},{"start":{},"end":{}}],"line":133},"14":{"loc":{"start":{"line":149,"column":53},"end":{"line":149,"column":78}},"type":"binary-expr","locations":[{"start":{"line":149,"column":53},"end":{"line":149,"column":62}},{"start":{"line":149,"column":66},"end":{"line":149,"column":78}}],"line":149},"15":{"loc":{"start":{"line":163,"column":12},"end":{"line":163,"column":46}},"type":"if","locations":[{"start":{"line":163,"column":12},"end":{"line":163,"column":46}},{"start":{},"end":{}}],"line":163},"16":{"loc":{"start":{"line":167,"column":29},"end":{"line":167,"column":66}},"type":"binary-expr","locations":[{"start":{"line":167,"column":29},"end":{"line":167,"column":44}},{"start":{"line":167,"column":48},"end":{"line":167,"column":66}}],"line":167},"17":{"loc":{"start":{"line":171,"column":12},"end":{"line":171,"column":46}},"type":"if","locations":[{"start":{"line":171,"column":12},"end":{"line":171,"column":46}},{"start":{},"end":{}}],"line":171},"18":{"loc":{"start":{"line":178,"column":8},"end":{"line":187,"column":9}},"type":"if","locations":[{"start":{"line":178,"column":8},"end":{"line":187,"column":9}},{"start":{},"end":{}}],"line":178},"19":{"loc":{"start":{"line":178,"column":12},"end":{"line":178,"column":42}},"type":"binary-expr","locations":[{"start":{"line":178,"column":12},"end":{"line":178,"column":23}},{"start":{"line":178,"column":27},"end":{"line":178,"column":42}}],"line":178},"20":{"loc":{"start":{"line":194,"column":8},"end":{"line":194,"column":64}},"type":"if","locations":[{"start":{"line":194,"column":8},"end":{"line":194,"column":64}},{"start":{},"end":{}}],"line":194},"21":{"loc":{"start":{"line":194,"column":12},"end":{"line":194,"column":55}},"type":"binary-expr","locations":[{"start":{"line":194,"column":12},"end":{"line":194,"column":33}},{"start":{"line":194,"column":37},"end":{"line":194,"column":55}}],"line":194},"22":{"loc":{"start":{"line":200,"column":32},"end":{"line":205,"column":30}},"type":"cond-expr","locations":[{"start":{"line":201,"column":12},"end":{"line":205,"column":13}},{"start":{"line":205,"column":16},"end":{"line":205,"column":30}}],"line":200},"23":{"loc":{"start":{"line":200,"column":32},"end":{"line":200,"column":88}},"type":"binary-expr","locations":[{"start":{"line":200,"column":32},"end":{"line":200,"column":46}},{"start":{"line":200,"column":50},"end":{"line":200,"column":60}},{"start":{"line":200,"column":64},"end":{"line":200,"column":88}}],"line":200},"24":{"loc":{"start":{"line":207,"column":8},"end":{"line":210,"column":9}},"type":"if","locations":[{"start":{"line":207,"column":8},"end":{"line":210,"column":9}},{"start":{},"end":{}}],"line":207},"25":{"loc":{"start":{"line":207,"column":12},"end":{"line":207,"column":64}},"type":"binary-expr","locations":[{"start":{"line":207,"column":12},"end":{"line":207,"column":30}},{"start":{"line":207,"column":34},"end":{"line":207,"column":64}}],"line":207},"26":{"loc":{"start":{"line":212,"column":8},"end":{"line":215,"column":9}},"type":"if","locations":[{"start":{"line":212,"column":8},"end":{"line":215,"column":9}},{"start":{},"end":{}}],"line":212},"27":{"loc":{"start":{"line":220,"column":12},"end":{"line":222,"column":13}},"type":"if","locations":[{"start":{"line":220,"column":12},"end":{"line":222,"column":13}},{"start":{},"end":{}}],"line":220},"28":{"loc":{"start":{"line":236,"column":8},"end":{"line":238,"column":9}},"type":"if","locations":[{"start":{"line":236,"column":8},"end":{"line":238,"column":9}},{"start":{},"end":{}}],"line":236},"29":{"loc":{"start":{"line":287,"column":8},"end":{"line":309,"column":9}},"type":"if","locations":[{"start":{"line":287,"column":8},"end":{"line":309,"column":9}},{"start":{"line":305,"column":15},"end":{"line":309,"column":9}}],"line":287},"30":{"loc":{"start":{"line":295,"column":12},"end":{"line":304,"column":13}},"type":"if","locations":[{"start":{"line":295,"column":12},"end":{"line":304,"column":13}},{"start":{},"end":{}}],"line":295},"31":{"loc":{"start":{"line":312,"column":8},"end":{"line":316,"column":9}},"type":"if","locations":[{"start":{"line":312,"column":8},"end":{"line":316,"column":9}},{"start":{},"end":{}}],"line":312},"32":{"loc":{"start":{"line":327,"column":8},"end":{"line":327,"column":41}},"type":"if","locations":[{"start":{"line":327,"column":8},"end":{"line":327,"column":41}},{"start":{},"end":{}}],"line":327}},"s":{"0":12,"1":12,"2":12,"3":12,"4":12,"5":12,"6":12,"7":12,"8":12,"9":12,"10":1,"11":1,"12":1,"13":1,"14":1,"15":1,"16":1,"17":1,"18":1,"19":0,"20":0,"21":0,"22":0,"23":0,"24":0,"25":0,"26":0,"27":0,"28":0,"29":0,"30":0,"31":0,"32":0,"33":0,"34":0,"35":5,"36":0,"37":5,"38":5,"39":5,"40":5,"41":5,"42":5,"43":1,"44":4,"45":1,"46":3,"47":0,"48":3,"49":3,"50":0,"51":3,"52":3,"53":3,"54":3,"55":2,"56":2,"57":2,"58":0,"59":3,"60":1,"61":3,"62":3,"63":0,"64":1,"65":1,"66":2,"67":2,"68":2,"69":2,"70":2,"71":2,"72":2,"73":0,"74":0,"75":0,"76":0,"77":0,"78":2,"79":0,"80":0,"81":0,"82":0,"83":0,"84":2,"85":0,"86":2,"87":0,"88":3,"89":1,"90":2,"91":2,"92":2,"93":0,"94":0,"95":2,"96":2,"97":2,"98":0,"99":0,"100":2,"101":1,"102":1,"103":1,"104":0,"105":0,"106":0,"107":0,"108":0,"109":0,"110":0,"111":0,"112":0,"113":0,"114":0,"115":0,"116":0,"117":0,"118":0,"119":0,"120":0,"121":0,"122":0,"123":0,"124":0,"125":0,"126":0,"127":0,"128":0,"129":0,"130":0,"131":0,"132":0,"133":0,"134":0,"135":0,"136":0,"137":0,"138":0,"139":0,"140":0,"141":0,"142":0,"143":0,"144":0,"145":0,"146":0,"147":0,"148":0,"149":0,"150":5,"151":3,"152":1,"153":2,"154":2,"155":2,"156":2},"f":{"0":12,"1":1,"2":1,"3":0,"4":5,"5":0,"6":3,"7":1,"8":1,"9":1,"10":2,"11":2,"12":0,"13":0,"14":0,"15":3,"16":0,"17":0,"18":1,"19":0,"20":0,"21":0,"22":0,"23":0,"24":0,"25":0,"26":0,"27":5,"28":3,"29":2},"b":{"0":[1,0],"1":[1,1],"2":[0,0],"3":[0,0],"4":[0,5],"5":[5,5],"6":[1,4],"7":[1,3],"8":[0,3],"9":[0,3],"10":[3,0],"11":[3,0],"12":[3,0],"13":[0,3],"14":[2,2],"15":[0,0],"16":[0,0],"17":[0,0],"18":[0,2],"19":[2,0],"20":[1,2],"21":[3,3],"22":[0,2],"23":[2,0,0],"24":[2,0],"25":[2,0],"26":[0,2],"27":[1,0],"28":[0,0],"29":[0,0],"30":[0,0],"31":[0,0],"32":[1,2]},"_coverageSchema":"1a1c01bbd47fc00a2c39e90264f33305004495a9","hash":"023a1c71e9c00f36445b35dbe686fcae7ecc71b0"}
}
