TN:
SF:src\scenes\map1\GameScene.js
FN:8,(anonymous_0)
FN:19,(anonymous_1)
FN:27,(anonymous_2)
FN:51,(anonymous_3)
FN:99,(anonymous_4)
FN:105,(anonymous_5)
FN:107,(anonymous_6)
FN:108,(anonymous_7)
FN:110,(anonymous_8)
FN:111,(anonymous_9)
FN:130,(anonymous_10)
FN:131,(anonymous_11)
FN:132,(anonymous_12)
FN:151,(anonymous_13)
FN:157,(anonymous_14)
FN:165,(anonymous_15)
FN:183,(anonymous_16)
FN:187,(anonymous_17)
FN:188,(anonymous_18)
FN:203,(anonymous_19)
FN:212,(anonymous_20)
FN:218,(anonymous_21)
FN:232,(anonymous_22)
FN:247,(anonymous_23)
FN:260,(anonymous_24)
FN:278,(anonymous_25)
FN:290,(anonymous_26)
FN:296,(anonymous_27)
FN:303,(anonymous_28)
FN:305,(anonymous_29)
FNF:30
FNH:9
FNDA:12,(anonymous_0)
FNDA:1,(anonymous_1)
FNDA:0,(anonymous_2)
FNDA:5,(anonymous_3)
FNDA:0,(anonymous_4)
FNDA:4,(anonymous_5)
FNDA:4,(anonymous_6)
FNDA:4,(anonymous_7)
FNDA:3,(anonymous_8)
FNDA:0,(anonymous_9)
FNDA:0,(anonymous_10)
FNDA:0,(anonymous_11)
FNDA:0,(anonymous_12)
FNDA:0,(anonymous_13)
FNDA:0,(anonymous_14)
FNDA:0,(anonymous_15)
FNDA:0,(anonymous_16)
FNDA:0,(anonymous_17)
FNDA:0,(anonymous_18)
FNDA:0,(anonymous_19)
FNDA:0,(anonymous_20)
FNDA:0,(anonymous_21)
FNDA:0,(anonymous_22)
FNDA:0,(anonymous_23)
FNDA:0,(anonymous_24)
FNDA:0,(anonymous_25)
FNDA:0,(anonymous_26)
FNDA:0,(anonymous_27)
FNDA:3,(anonymous_28)
FNDA:3,(anonymous_29)
DA:9,12
DA:10,12
DA:11,12
DA:12,12
DA:13,12
DA:14,12
DA:15,12
DA:16,12
DA:20,1
DA:21,1
DA:22,1
DA:23,1
DA:24,1
DA:27,1
DA:28,0
DA:30,0
DA:32,0
DA:33,0
DA:34,0
DA:35,0
DA:36,0
DA:37,0
DA:39,0
DA:40,0
DA:41,0
DA:42,0
DA:43,0
DA:44,0
DA:45,0
DA:46,0
DA:53,5
DA:54,0
DA:58,5
DA:59,5
DA:60,5
DA:62,5
DA:64,5
DA:65,1
DA:69,4
DA:71,4
DA:72,0
DA:76,4
DA:81,4
DA:82,4
DA:85,4
DA:86,0
DA:89,5
DA:91,5
DA:99,5
DA:100,0
DA:107,4
DA:108,4
DA:110,4
DA:111,3
DA:112,0
DA:116,0
DA:118,0
DA:119,0
DA:122,0
DA:123,0
DA:124,0
DA:130,0
DA:131,0
DA:132,0
DA:133,0
DA:141,0
DA:142,0
DA:143,0
DA:148,0
DA:153,0
DA:154,0
DA:157,0
DA:158,0
DA:159,0
DA:160,0
DA:162,0
DA:165,0
DA:166,0
DA:167,0
DA:168,0
DA:169,0
DA:173,0
DA:183,0
DA:184,0
DA:187,0
DA:188,0
DA:189,0
DA:193,0
DA:195,0
DA:198,0
DA:199,0
DA:204,0
DA:213,0
DA:214,0
DA:220,0
DA:221,0
DA:223,0
DA:224,0
DA:226,0
DA:227,0
DA:228,0
DA:230,0
DA:232,0
DA:233,0
DA:234,0
DA:236,0
DA:237,0
DA:238,0
DA:240,0
DA:241,0
DA:242,0
DA:244,0
DA:245,0
DA:247,0
DA:248,0
DA:249,0
DA:250,0
DA:253,0
DA:256,0
DA:257,0
DA:261,0
DA:262,0
DA:264,0
DA:265,0
DA:266,0
DA:267,0
DA:272,0
DA:273,0
DA:274,0
DA:275,0
DA:276,0
DA:278,0
DA:279,0
DA:283,0
DA:289,0
DA:290,0
DA:291,0
DA:297,0
DA:304,3
DA:305,3
DA:306,3
LF:141
LH:37
BRDA:30,0,0,0
BRDA:30,0,1,0
BRDA:37,1,0,0
BRDA:37,1,1,0
BRDA:53,2,0,0
BRDA:53,2,1,5
BRDA:53,3,0,5
BRDA:53,3,1,5
BRDA:64,4,0,1
BRDA:64,4,1,4
BRDA:64,5,0,5
BRDA:64,5,1,4
BRDA:71,6,0,0
BRDA:71,6,1,4
BRDA:77,7,0,4
BRDA:77,7,1,0
BRDA:78,8,0,4
BRDA:78,8,1,0
BRDA:82,9,0,4
BRDA:82,9,1,0
BRDA:116,10,0,0
BRDA:116,10,1,0
BRDA:116,11,0,0
BRDA:116,11,1,0
BRDA:158,12,0,0
BRDA:158,12,1,0
BRDA:166,13,0,0
BRDA:166,13,1,0
BRDA:184,14,0,0
BRDA:184,14,1,0
BRDA:193,15,0,0
BRDA:193,15,1,0
BRDA:213,16,0,0
BRDA:213,16,1,0
BRDA:264,17,0,0
BRDA:264,17,1,0
BRDA:272,18,0,0
BRDA:272,18,1,0
BRDA:289,19,0,0
BRDA:289,19,1,0
BRF:40
BRH:11
end_of_record
