TN:
SF:src\scenes\map1\GameScene.js
FN:8,(anonymous_0)
FN:21,(anonymous_1)
FN:27,(anonymous_2)
FN:36,(anonymous_3)
FN:60,(anonymous_4)
FN:118,(anonymous_5)
FN:124,(anonymous_6)
FN:127,(anonymous_7)
FN:138,(anonymous_8)
FN:139,(anonymous_9)
FN:140,(anonymous_10)
FN:156,(anonymous_11)
FN:162,(anonymous_12)
FN:170,(anonymous_13)
FN:190,(anonymous_14)
FN:193,(anonymous_15)
FN:201,(anonymous_16)
FN:202,(anonymous_17)
FN:218,(anonymous_18)
FN:226,(anonymous_19)
FN:235,(anonymous_20)
FN:241,(anonymous_21)
FN:255,(anonymous_22)
FN:270,(anonymous_23)
FN:283,(anonymous_24)
FN:301,(anonymous_25)
FN:313,(anonymous_26)
FN:319,(anonymous_27)
FN:326,(anonymous_28)
FN:331,(anonymous_29)
FNF:30
FNH:15
FNDA:12,(anonymous_0)
FNDA:1,(anonymous_1)
FNDA:1,(anonymous_2)
FNDA:0,(anonymous_3)
FNDA:5,(anonymous_4)
FNDA:0,(anonymous_5)
FNDA:3,(anonymous_6)
FNDA:1,(anonymous_7)
FNDA:1,(anonymous_8)
FNDA:1,(anonymous_9)
FNDA:2,(anonymous_10)
FNDA:2,(anonymous_11)
FNDA:0,(anonymous_12)
FNDA:0,(anonymous_13)
FNDA:0,(anonymous_14)
FNDA:3,(anonymous_15)
FNDA:0,(anonymous_16)
FNDA:0,(anonymous_17)
FNDA:1,(anonymous_18)
FNDA:0,(anonymous_19)
FNDA:0,(anonymous_20)
FNDA:0,(anonymous_21)
FNDA:0,(anonymous_22)
FNDA:0,(anonymous_23)
FNDA:0,(anonymous_24)
FNDA:0,(anonymous_25)
FNDA:0,(anonymous_26)
FNDA:5,(anonymous_27)
FNDA:3,(anonymous_28)
FNDA:2,(anonymous_29)
DA:9,12
DA:10,12
DA:11,12
DA:12,12
DA:13,12
DA:14,12
DA:15,12
DA:16,12
DA:17,12
DA:18,12
DA:22,1
DA:23,1
DA:28,1
DA:29,1
DA:30,1
DA:31,1
DA:32,1
DA:33,1
DA:36,1
DA:37,0
DA:39,0
DA:41,0
DA:42,0
DA:43,0
DA:44,0
DA:45,0
DA:46,0
DA:48,0
DA:49,0
DA:50,0
DA:51,0
DA:52,0
DA:53,0
DA:54,0
DA:55,0
DA:62,5
DA:63,0
DA:67,5
DA:70,5
DA:71,5
DA:72,5
DA:74,5
DA:76,5
DA:77,1
DA:80,4
DA:81,1
DA:84,3
DA:85,0
DA:89,3
DA:91,3
DA:92,0
DA:96,3
DA:101,3
DA:102,3
DA:105,3
DA:108,2
DA:110,2
DA:118,2
DA:119,0
DA:127,3
DA:130,3
DA:133,3
DA:134,0
DA:139,1
DA:140,1
DA:141,2
DA:149,2
DA:150,2
DA:151,2
DA:158,2
DA:159,2
DA:162,2
DA:163,0
DA:164,0
DA:165,0
DA:167,0
DA:170,2
DA:171,0
DA:172,0
DA:173,0
DA:174,0
DA:178,2
DA:179,0
DA:190,2
DA:194,3
DA:196,2
DA:197,2
DA:200,2
DA:202,0
DA:203,0
DA:207,2
DA:209,2
DA:212,2
DA:213,0
DA:214,0
DA:218,2
DA:219,1
DA:220,1
DA:221,1
DA:227,0
DA:236,0
DA:237,0
DA:243,0
DA:244,0
DA:246,0
DA:247,0
DA:249,0
DA:250,0
DA:251,0
DA:253,0
DA:255,0
DA:256,0
DA:257,0
DA:259,0
DA:260,0
DA:261,0
DA:263,0
DA:264,0
DA:265,0
DA:267,0
DA:268,0
DA:270,0
DA:271,0
DA:272,0
DA:273,0
DA:276,0
DA:279,0
DA:280,0
DA:284,0
DA:285,0
DA:287,0
DA:288,0
DA:289,0
DA:290,0
DA:295,0
DA:296,0
DA:297,0
DA:298,0
DA:299,0
DA:301,0
DA:302,0
DA:306,0
DA:312,0
DA:313,0
DA:314,0
DA:320,5
DA:327,3
DA:329,2
DA:330,2
DA:331,2
DA:332,2
LF:151
LH:71
BRDA:22,0,0,1
BRDA:22,0,1,0
BRDA:22,1,0,1
BRDA:22,1,1,1
BRDA:39,2,0,0
BRDA:39,2,1,0
BRDA:46,3,0,0
BRDA:46,3,1,0
BRDA:62,4,0,0
BRDA:62,4,1,5
BRDA:62,5,0,5
BRDA:62,5,1,5
BRDA:76,6,0,1
BRDA:76,6,1,4
BRDA:80,7,0,1
BRDA:80,7,1,3
BRDA:84,8,0,0
BRDA:84,8,1,3
BRDA:91,9,0,0
BRDA:91,9,1,3
BRDA:97,10,0,3
BRDA:97,10,1,0
BRDA:98,11,0,3
BRDA:98,11,1,0
BRDA:102,12,0,3
BRDA:102,12,1,0
BRDA:133,13,0,0
BRDA:133,13,1,3
BRDA:149,14,0,2
BRDA:149,14,1,2
BRDA:163,15,0,0
BRDA:163,15,1,0
BRDA:167,16,0,0
BRDA:167,16,1,0
BRDA:171,17,0,0
BRDA:171,17,1,0
BRDA:178,18,0,0
BRDA:178,18,1,2
BRDA:178,19,0,2
BRDA:178,19,1,0
BRDA:194,20,0,1
BRDA:194,20,1,2
BRDA:194,21,0,3
BRDA:194,21,1,3
BRDA:200,22,0,0
BRDA:200,22,1,2
BRDA:200,23,0,2
BRDA:200,23,1,0
BRDA:200,23,2,0
BRDA:207,24,0,2
BRDA:207,24,1,0
BRDA:207,25,0,2
BRDA:207,25,1,0
BRDA:212,26,0,0
BRDA:212,26,1,2
BRDA:220,27,0,1
BRDA:220,27,1,0
BRDA:236,28,0,0
BRDA:236,28,1,0
BRDA:287,29,0,0
BRDA:287,29,1,0
BRDA:295,30,0,0
BRDA:295,30,1,0
BRDA:312,31,0,0
BRDA:312,31,1,0
BRDA:327,32,0,1
BRDA:327,32,1,2
BRF:67
BRH:32
end_of_record
